<?xml version="1.0" encoding="UTF-8"?>
<!-- Generated by org.testng.reporters.JUnitReportReporter -->
<testsuite hostname="YadavAshutosh" failures="0" tests="100" name="organizationTestModule.Demo3" time="2636.422" errors="0" timestamp="2025-03-27T18:05:33 IST" skipped="0">
  <testcase classname="organizationTestModule.Demo3" name="chrome" time="14.952"/>
  <system-out/>
  <testcase classname="organizationTestModule.Demo3" name="chrome" time="41.045"/>
  <system-out/>
  <testcase classname="organizationTestModule.Demo3" name="chrome" time="12.310"/>
  <system-out/>
  <testcase classname="organizationTestModule.Demo3" name="chrome" time="55.481"/>
  <system-out/>
  <testcase classname="organizationTestModule.Demo3" name="chrome" time="14.864"/>
  <system-out/>
  <testcase classname="organizationTestModule.Demo3" name="chrome" time="9.480"/>
  <system-out/>
  <testcase classname="organizationTestModule.Demo3" name="chrome" time="14.203"/>
  <system-out/>
  <testcase classname="organizationTestModule.Demo3" name="chrome" time="79.933"/>
  <system-out/>
  <testcase classname="organizationTestModule.Demo3" name="chrome" time="24.917"/>
  <system-out/>
  <testcase classname="organizationTestModule.Demo3" name="chrome" time="17.352"/>
  <system-out/>
  <testcase classname="organizationTestModule.Demo3" name="chrome" time="18.874"/>
  <system-out/>
  <testcase classname="organizationTestModule.Demo3" name="chrome" time="28.239"/>
  <system-out/>
  <testcase classname="organizationTestModule.Demo3" name="chrome" time="12.529"/>
  <system-out/>
  <testcase classname="organizationTestModule.Demo3" name="chrome" time="13.550"/>
  <system-out/>
  <testcase classname="organizationTestModule.Demo3" name="chrome" time="10.422"/>
  <system-out/>
  <testcase classname="organizationTestModule.Demo3" name="chrome" time="34.060"/>
  <system-out/>
  <testcase classname="organizationTestModule.Demo3" name="chrome" time="27.855"/>
  <system-out/>
  <testcase classname="organizationTestModule.Demo3" name="chrome" time="26.663"/>
  <system-out/>
  <testcase classname="organizationTestModule.Demo3" name="chrome" time="27.203"/>
  <system-out/>
  <testcase classname="organizationTestModule.Demo3" name="chrome" time="8.647"/>
  <system-out/>
  <testcase classname="organizationTestModule.Demo3" name="chrome" time="39.600"/>
  <system-out/>
  <testcase classname="organizationTestModule.Demo3" name="chrome" time="11.318"/>
  <system-out/>
  <testcase classname="organizationTestModule.Demo3" name="chrome" time="63.004"/>
  <system-out/>
  <testcase classname="organizationTestModule.Demo3" name="chrome" time="76.451"/>
  <system-out/>
  <testcase classname="organizationTestModule.Demo3" name="chrome" time="24.187"/>
  <system-out/>
  <testcase classname="organizationTestModule.Demo3" name="chrome" time="28.224"/>
  <system-out/>
  <testcase classname="organizationTestModule.Demo3" name="chrome" time="36.439"/>
  <system-out/>
  <testcase classname="organizationTestModule.Demo3" name="chrome" time="8.162"/>
  <system-out/>
  <testcase classname="organizationTestModule.Demo3" name="chrome" time="15.586"/>
  <system-out/>
  <testcase classname="organizationTestModule.Demo3" name="chrome" time="8.039"/>
  <system-out/>
  <testcase classname="organizationTestModule.Demo3" name="chrome" time="3.844"/>
  <system-out/>
  <testcase classname="organizationTestModule.Demo3" name="chrome" time="3.533"/>
  <system-out/>
  <testcase classname="organizationTestModule.Demo3" name="chrome" time="22.787"/>
  <system-out/>
  <testcase classname="organizationTestModule.Demo3" name="chrome" time="14.936"/>
  <system-out/>
  <testcase classname="organizationTestModule.Demo3" name="chrome" time="13.687"/>
  <system-out/>
  <testcase classname="organizationTestModule.Demo3" name="chrome" time="28.746"/>
  <system-out/>
  <testcase classname="organizationTestModule.Demo3" name="chrome" time="11.763"/>
  <system-out/>
  <testcase classname="organizationTestModule.Demo3" name="chrome" time="30.462"/>
  <system-out/>
  <testcase classname="organizationTestModule.Demo3" name="chrome" time="24.303"/>
  <system-out/>
  <testcase classname="organizationTestModule.Demo3" name="chrome" time="12.844"/>
  <system-out/>
  <testcase classname="organizationTestModule.Demo3" name="chrome" time="4.078"/>
  <system-out/>
  <testcase classname="organizationTestModule.Demo3" name="chrome" time="16.117"/>
  <system-out/>
  <testcase classname="organizationTestModule.Demo3" name="chrome" time="61.223"/>
  <system-out/>
  <testcase classname="organizationTestModule.Demo3" name="chrome" time="49.802"/>
  <system-out/>
  <testcase classname="organizationTestModule.Demo3" name="chrome" time="56.916"/>
  <system-out/>
  <testcase classname="organizationTestModule.Demo3" name="chrome" time="14.870"/>
  <system-out/>
  <testcase classname="organizationTestModule.Demo3" name="chrome" time="29.086"/>
  <system-out/>
  <testcase classname="organizationTestModule.Demo3" name="chrome" time="27.681"/>
  <system-out/>
  <testcase classname="organizationTestModule.Demo3" name="chrome" time="17.398"/>
  <system-out/>
  <testcase classname="organizationTestModule.Demo3" name="chrome" time="6.152"/>
  <system-out/>
  <testcase classname="organizationTestModule.Demo3" name="chrome" time="10.791"/>
  <system-out/>
  <testcase classname="organizationTestModule.Demo3" name="chrome" time="13.683"/>
  <system-out/>
  <testcase classname="organizationTestModule.Demo3" name="chrome" time="5.733"/>
  <system-out/>
  <testcase classname="organizationTestModule.Demo3" name="chrome" time="14.090"/>
  <system-out/>
  <testcase classname="organizationTestModule.Demo3" name="chrome" time="24.898"/>
  <system-out/>
  <testcase classname="organizationTestModule.Demo3" name="chrome" time="9.399"/>
  <system-out/>
  <testcase classname="organizationTestModule.Demo3" name="chrome" time="23.736"/>
  <system-out/>
  <testcase classname="organizationTestModule.Demo3" name="chrome" time="9.708"/>
  <system-out/>
  <testcase classname="organizationTestModule.Demo3" name="chrome" time="73.553"/>
  <system-out/>
  <testcase classname="organizationTestModule.Demo3" name="chrome" time="21.724"/>
  <system-out/>
  <testcase classname="organizationTestModule.Demo3" name="chrome" time="16.737"/>
  <system-out/>
  <testcase classname="organizationTestModule.Demo3" name="chrome" time="59.697"/>
  <system-out/>
  <testcase classname="organizationTestModule.Demo3" name="chrome" time="9.207"/>
  <system-out/>
  <testcase classname="organizationTestModule.Demo3" name="chrome" time="6.734"/>
  <system-out/>
  <testcase classname="organizationTestModule.Demo3" name="chrome" time="14.179"/>
  <system-out/>
  <testcase classname="organizationTestModule.Demo3" name="chrome" time="29.203"/>
  <system-out/>
  <testcase classname="organizationTestModule.Demo3" name="chrome" time="48.647"/>
  <system-out/>
  <testcase classname="organizationTestModule.Demo3" name="chrome" time="30.026"/>
  <system-out/>
  <testcase classname="organizationTestModule.Demo3" name="chrome" time="74.096"/>
  <system-out/>
  <testcase classname="organizationTestModule.Demo3" name="chrome" time="33.274"/>
  <system-out/>
  <testcase classname="organizationTestModule.Demo3" name="chrome" time="7.752"/>
  <system-out/>
  <testcase classname="organizationTestModule.Demo3" name="chrome" time="24.844"/>
  <system-out/>
  <testcase classname="organizationTestModule.Demo3" name="chrome" time="42.033"/>
  <system-out/>
  <testcase classname="organizationTestModule.Demo3" name="chrome" time="4.450"/>
  <system-out/>
  <testcase classname="organizationTestModule.Demo3" name="chrome" time="22.715"/>
  <system-out/>
  <testcase classname="organizationTestModule.Demo3" name="chrome" time="83.435"/>
  <system-out/>
  <testcase classname="organizationTestModule.Demo3" name="chrome" time="12.923"/>
  <system-out/>
  <testcase classname="organizationTestModule.Demo3" name="chrome" time="8.388"/>
  <system-out/>
  <testcase classname="organizationTestModule.Demo3" name="chrome" time="23.112"/>
  <system-out/>
  <testcase classname="organizationTestModule.Demo3" name="chrome" time="14.179"/>
  <system-out/>
  <testcase classname="organizationTestModule.Demo3" name="chrome" time="3.093"/>
  <system-out/>
  <testcase classname="organizationTestModule.Demo3" name="chrome" time="10.878"/>
  <system-out/>
  <testcase classname="organizationTestModule.Demo3" name="chrome" time="14.651"/>
  <system-out/>
  <testcase classname="organizationTestModule.Demo3" name="chrome" time="4.036"/>
  <system-out/>
  <testcase classname="organizationTestModule.Demo3" name="chrome" time="4.525"/>
  <system-out/>
  <testcase classname="organizationTestModule.Demo3" name="chrome" time="4.200"/>
  <system-out/>
  <testcase classname="organizationTestModule.Demo3" name="chrome" time="72.838"/>
  <system-out/>
  <testcase classname="organizationTestModule.Demo3" name="chrome" time="24.344"/>
  <system-out/>
  <testcase classname="organizationTestModule.Demo3" name="chrome" time="28.958"/>
  <system-out/>
  <testcase classname="organizationTestModule.Demo3" name="chrome" time="5.061"/>
  <system-out/>
  <testcase classname="organizationTestModule.Demo3" name="chrome" time="14.678"/>
  <system-out/>
  <testcase classname="organizationTestModule.Demo3" name="chrome" time="28.539"/>
  <system-out/>
  <testcase classname="organizationTestModule.Demo3" name="chrome" time="83.889"/>
  <system-out/>
  <testcase classname="organizationTestModule.Demo3" name="chrome" time="81.160"/>
  <system-out/>
  <testcase classname="organizationTestModule.Demo3" name="chrome" time="8.878"/>
  <system-out/>
  <testcase classname="organizationTestModule.Demo3" name="chrome" time="14.355"/>
  <system-out/>
  <testcase classname="organizationTestModule.Demo3" name="chrome" time="4.488"/>
  <system-out/>
  <testcase classname="organizationTestModule.Demo3" name="chrome" time="83.435"/>
  <system-out/>
  <testcase classname="organizationTestModule.Demo3" name="chrome" time="16.512"/>
  <system-out/>
  <testcase classname="organizationTestModule.Demo3" name="chrome" time="101.141"/>
  <system-out/>
</testsuite> <!-- organizationTestModule.Demo3 -->
