<?xml version="1.0" encoding="UTF-8"?>
<!-- Generated by org.testng.reporters.JUnitReportReporter -->
<testsuite hostname="YadavAshutosh" failures="0" tests="1" name="organizationTestModule.CreateOrgNameOrIndusGov_PhonNum" time="47.909" errors="0" timestamp="2025-03-27T06:18:54 IST" skipped="0">
  <testcase classname="organizationTestModule.CreateOrgNameOrIndusGov_PhonNum" name="createOrgNameOrPhonNum" time="47.909"/>
  <system-out/>
</testsuite> <!-- organizationTestModule.CreateOrgNameOrIndusGov_PhonNum -->
