<?xml version="1.0" encoding="UTF-8"?>
<!-- Generated by org.testng.reporters.JUnitReportReporter -->
<testsuite hostname="YadavAshutosh" failures="0" tests="1" name="organizationTestModule.CreateOrgNameIndustry_Gov" time="156.620" errors="0" timestamp="2025-03-31T13:48:31 IST" skipped="0">
  <testcase classname="organizationTestModule.CreateOrgNameIndustry_Gov" name="createOrgName_Industry_Gov" time="156.620"/>
  <system-out/>
</testsuite> <!-- organizationTestModule.CreateOrgNameIndustry_Gov -->
