<?xml version="1.0" encoding="UTF-8"?>
<!-- Generated by org.testng.reporters.JUnitReportReporter -->
<testsuite hostname="YadavAshutosh" failures="0" tests="1" name="opportunityTestModule._06_CreateOppWithOrg_BussType_Date" time="50.597" errors="0" timestamp="2025-03-25T15:53:14 IST" skipped="0">
  <testcase classname="opportunityTestModule._06_CreateOppWithOrg_BussType_Date" name="_06_createOppWithOrg_BussType_Date" time="50.597"/>
</testsuite> <!-- opportunityTestModule._06_CreateOppWithOrg_BussType_Date -->
