<?xml version="1.0" encoding="UTF-8"?>
<!-- Generated by org.testng.reporters.JUnitReportReporter -->
<testsuite hostname="YadavAshutosh" failures="0" tests="3" name="extra._00_Sample" time="0.019" errors="0" timestamp="2025-03-24T20:30:36 IST" skipped="0">
  <testcase classname="extra._00_Sample" name="boycott" time="0.002">
    <system-out>
      <![CDATA[Hey Their ! ]]>
    </system-out>
  </testcase> <!-- boycott -->
  <testcase classname="extra._00_Sample" name="add" time="0.014"/>
  <testcase classname="extra._00_Sample" name="div" time="0.003"/>
  <system-out>
    <![CDATA[Hey Their ! ]]>
  </system-out>
</testsuite> <!-- extra._00_Sample -->
