<?xml version="1.0" encoding="UTF-8"?>
<!-- Generated by org.testng.reporters.JUnitReportReporter -->
<testsuite hostname="YadavAshutosh" failures="0" tests="1" name="extra.Add_Num" time="2.093" errors="0" timestamp="2025-03-25T22:56:35 IST" skipped="0">
  <testcase classname="extra.Add_Num" name="add" time="2.093">
    <system-out>
      <![CDATA[Hey there !]]>
    </system-out>
  </testcase> <!-- add -->
  <system-out>
    <![CDATA[Hey there !]]>
  </system-out>
</testsuite> <!-- extra.Add_Num -->
