<?xml version="1.0" encoding="UTF-8"?>
<!-- Generated by org.testng.reporters.JUnitReportReporter -->
<testsuite hostname="YadavAshutosh" failures="0" tests="2" name="extra.Text_Msg" time="9.255" errors="0" timestamp="2025-03-25T22:44:20 IST" skipped="0">
  <testcase classname="extra.Text_Msg" name="boycott" time="4.587"/>
  <testcase classname="extra.Text_Msg" name="boycott" time="4.668"/>
  <system-out>
    <![CDATA[Hey there !
Hey there !]]>
  </system-out>
</testsuite> <!-- extra.Text_Msg -->
