<?xml version="1.0" encoding="UTF-8"?>
<!-- Generated by org.testng.reporters.JUnitXMLReporter -->
<testsuite ignored="1" hostname="YadavAshutosh" failures="0" tests="1" name="Test" time="54.107" errors="0" timestamp="2025-03-26T14:46:28 IST">
  <testcase classname="organizationTestModule.CreateOrgNameIndustry_Gov" name="createOrgName_Industry_Gov" time="54.06"/>
  <testcase classname="organizationTestModule.CreateOrgNameOrIndusGov_PhonNum" name="createOrgNameOrPhonNum" time="0.0">
    <ignored/>
  </testcase> <!-- createOrgNameOrPhonNum -->
</testsuite> <!-- Test -->
