<?xml version="1.0" encoding="UTF-8"?>
<!-- Generated by org.testng.reporters.JUnitXMLReporter -->
<testsuite ignored="3" hostname="YadavAshutosh" failures="0" tests="1" name="Test" time="156.667" errors="0" timestamp="2025-03-31T13:48:31 IST">
  <testcase classname="organizationTestModule.CreateOrgNameIndustry_Gov" name="createOrgName_Industry_Gov" time="156.62"/>
  <testcase classname="organizationTestModule.CreatOrgName" name="creatOrgName" time="0.0">
    <ignored/>
  </testcase> <!-- creatOrgName -->
  <testcase classname="organizationTestModule.CreateOrgNameOrIndusGov_PhonNum" name="createOrgNameOrPhonNum" time="0.0">
    <ignored/>
  </testcase> <!-- createOrgNameOrPhonNum -->
  <testcase classname="organizationTestModule.CreatOrgName2" name="creatOrgName" time="0.0">
    <ignored/>
  </testcase> <!-- creatOrgName -->
</testsuite> <!-- Test -->
