<?xml version="1.0" encoding="UTF-8"?>
<testng-results ignored="0" total="1" passed="1" failed="0" skipped="0">
  <reporter-output>
  </reporter-output>
  <suite started-at="2025-03-26T14:57:17 IST" name="Default suite" finished-at="2025-03-26T14:57:47 IST" duration-ms="30152">
    <groups>
    </groups>
    <test started-at="2025-03-26T14:57:17 IST" name="Default test" finished-at="2025-03-26T14:57:47 IST" duration-ms="30152">
      <class name="organizationTestModule.CreatOrgName2">
        <test-method is-config="true" signature="browser()[pri:0, instance:organizationTestModule.CreatOrgName2@313ac989]" started-at="2025-03-26T14:57:17 IST" name="browser" finished-at="2025-03-26T14:57:21 IST" duration-ms="3758" status="PASS">
          <reporter-output>
          </reporter-output>
        </test-method> <!-- browser -->
        <test-method is-config="true" signature="login()[pri:0, instance:organizationTestModule.CreatOrgName2@313ac989]" started-at="2025-03-26T14:57:21 IST" name="login" finished-at="2025-03-26T14:57:29 IST" duration-ms="8255" status="PASS">
          <reporter-output>
          </reporter-output>
        </test-method> <!-- login -->
        <test-method signature="creatOrgName()[pri:0, instance:organizationTestModule.CreatOrgName2@313ac989]" started-at="2025-03-26T14:57:29 IST" name="creatOrgName" finished-at="2025-03-26T14:57:47 IST" duration-ms="17863" status="PASS">
          <reporter-output>
          </reporter-output>
        </test-method> <!-- creatOrgName -->
        <test-method is-config="true" signature="logout()[pri:0, instance:organizationTestModule.CreatOrgName2@313ac989]" started-at="2025-03-26T14:57:47 IST" name="logout" finished-at="2025-03-26T14:57:47 IST" duration-ms="215" status="PASS">
          <reporter-output>
          </reporter-output>
        </test-method> <!-- logout -->
      </class> <!-- organizationTestModule.CreatOrgName2 -->
    </test> <!-- Default test -->
  </suite> <!-- Default suite -->
</testng-results>
